g:\fyp\fyp-artifact-\dx11 framework 2018\x64\debug\vc142.pdb
g:\fyp\fyp-artifact-\dx11 framework 2018\x64\debug\setupgui.obj
g:\fyp\fyp-artifact-\dx11 framework 2018\x64\debug\sceneobject.obj
g:\fyp\fyp-artifact-\dx11 framework 2018\x64\debug\objloader.obj
g:\fyp\fyp-artifact-\dx11 framework 2018\x64\debug\imgui_widgets.obj
g:\fyp\fyp-artifact-\dx11 framework 2018\x64\debug\imgui_tables.obj
g:\fyp\fyp-artifact-\dx11 framework 2018\x64\debug\imgui_impl_win32.obj
g:\fyp\fyp-artifact-\dx11 framework 2018\x64\debug\imgui_impl_dx11.obj
g:\fyp\fyp-artifact-\dx11 framework 2018\x64\debug\imgui_draw.obj
g:\fyp\fyp-artifact-\dx11 framework 2018\x64\debug\imgui_demo.obj
g:\fyp\fyp-artifact-\dx11 framework 2018\x64\debug\imgui.obj
g:\fyp\fyp-artifact-\dx11 framework 2018\x64\debug\groundplane.obj
g:\fyp\fyp-artifact-\dx11 framework 2018\x64\debug\dx11 framework.obj
g:\fyp\fyp-artifact-\dx11 framework 2018\x64\debug\ddstextureloader.obj
g:\fyp\fyp-artifact-\dx11 framework 2018\x64\debug\camera.obj
g:\fyp\fyp-artifact-\dx11 framework 2018\x64\debug\breaksengine.obj
g:\fyp\fyp-artifact-\dx11 framework 2018\x64\debug\breakscore.obj
g:\fyp\fyp-artifact-\dx11 framework 2018\x64\debug\breakschannel.obj
g:\fyp\fyp-artifact-\dx11 framework 2018\x64\debug\applicationgraphics.obj
g:\fyp\fyp-artifact-\dx11 framework 2018\x64\debug\application.obj
g:\fyp\fyp-artifact-\dx11 framework 2018\x64\debug\vector3.obj
g:\fyp\fyp-artifact-\dx11 framework 2018\x64\debug\time.obj
g:\fyp\fyp-artifact-\dx11 framework 2018\x64\debug\dx11 framework.res
g:\fyp\fyp-artifact-\dx11 framework 2018\x64\debug\dx11 framework.tlog\cl.command.1.tlog
g:\fyp\fyp-artifact-\dx11 framework 2018\x64\debug\dx11 framework.tlog\cl.read.1.tlog
g:\fyp\fyp-artifact-\dx11 framework 2018\x64\debug\dx11 framework.tlog\cl.write.1.tlog
g:\fyp\fyp-artifact-\dx11 framework 2018\x64\debug\dx11 framework.tlog\link-cvtres.read.1.tlog
g:\fyp\fyp-artifact-\dx11 framework 2018\x64\debug\dx11 framework.tlog\link-cvtres.write.1.tlog
g:\fyp\fyp-artifact-\dx11 framework 2018\x64\debug\dx11 framework.tlog\link-mt.read.1.tlog
g:\fyp\fyp-artifact-\dx11 framework 2018\x64\debug\dx11 framework.tlog\link-mt.write.1.tlog
g:\fyp\fyp-artifact-\dx11 framework 2018\x64\debug\dx11 framework.tlog\link-rc.read.1.tlog
g:\fyp\fyp-artifact-\dx11 framework 2018\x64\debug\dx11 framework.tlog\link-rc.write.1.tlog
g:\fyp\fyp-artifact-\dx11 framework 2018\x64\debug\dx11 framework.tlog\link.29844-cvtres.read.1.tlog
g:\fyp\fyp-artifact-\dx11 framework 2018\x64\debug\dx11 framework.tlog\link.29844-cvtres.write.1.tlog
g:\fyp\fyp-artifact-\dx11 framework 2018\x64\debug\dx11 framework.tlog\link.29844-mt.read.1.tlog
g:\fyp\fyp-artifact-\dx11 framework 2018\x64\debug\dx11 framework.tlog\link.29844-mt.write.1.tlog
g:\fyp\fyp-artifact-\dx11 framework 2018\x64\debug\dx11 framework.tlog\link.29844-rc.read.1.tlog
g:\fyp\fyp-artifact-\dx11 framework 2018\x64\debug\dx11 framework.tlog\link.29844-rc.write.1.tlog
g:\fyp\fyp-artifact-\dx11 framework 2018\x64\debug\dx11 framework.tlog\link.29844.read.1.tlog
g:\fyp\fyp-artifact-\dx11 framework 2018\x64\debug\dx11 framework.tlog\link.29844.write.1.tlog
g:\fyp\fyp-artifact-\dx11 framework 2018\x64\debug\dx11 framework.tlog\link.command.1.tlog
g:\fyp\fyp-artifact-\dx11 framework 2018\x64\debug\dx11 framework.tlog\link.read.1.tlog
g:\fyp\fyp-artifact-\dx11 framework 2018\x64\debug\dx11 framework.tlog\link.write.1.tlog
g:\fyp\fyp-artifact-\dx11 framework 2018\x64\debug\dx11 framework.tlog\rc.command.1.tlog
g:\fyp\fyp-artifact-\dx11 framework 2018\x64\debug\dx11 framework.tlog\rc.read.1.tlog
g:\fyp\fyp-artifact-\dx11 framework 2018\x64\debug\dx11 framework.tlog\rc.write.1.tlog
